<?xml version="1.0" encoding="UTF-8"?>
<!-- Generated by org.testng.reporters.JUnitReportReporter -->
<testsuite hostname="LAPTOP-USLLJEE2" failures="0" tests="1" name="GetRequest_01" time="3.281" errors="0" timestamp="13 Apr 2020 06:47:14 GMT">
  <testcase classname="GetRequest_01" name="getMethod" time="3.281"/>
</testsuite> <!-- GetRequest_01 -->
